<?xml version="1.0" encoding="UTF-8"?>
<!-- Generated by org.testng.reporters.JUnitXMLReporter -->
<testsuite ignored="0" hostname="Rajnis-MacBook-Pro.local" failures="1" tests="15" name="TestNG learning" time="71.081" errors="0" timestamp="2021-09-28T22:44:17 PDT">
  <testcase classname="com.testng.annotationsTest" name="testOneMthd" time="0.015"/>
  <testcase classname="com.testng.annotationsTest" name="testThreeMthd" time="0.004"/>
  <testcase classname="com.testng.annotationsTest" name="testTwoMthd" time="0.004"/>
  <testcase classname="com.testng.GoogleTest" name="googleLabel" time="0.071"/>
  <testcase classname="com.testng.GoogleTest" name="googleLabel" time="0.037"/>
  <testcase classname="com.testng.GoogleTest" name="googleLabel" time="0.037"/>
  <testcase classname="com.testng.GoogleTest" name="googleTitle" time="0.011">
    <failure type="java.lang.AssertionError" message="expected [Google1] but found [Google]">
      <![CDATA[java.lang.AssertionError: expected [Google1] but found [Google]
at com.testng.GoogleTest.googleTitle(GoogleTest.java:35)
at java.base/java.util.ArrayList.forEach(ArrayList.java:1541)
... Removed 33 stack frames]]>
    </failure>
  </testcase> <!-- googleTitle -->
  <testcase classname="com.testng.GoogleTest" name="googleSearch" time="0.0">
    <skipped/>
  </testcase> <!-- googleSearch -->
  <testcase classname="com.testng.yahooLoginTest" name="launchUrlAndLogin" time="4.013"/>
  <testcase classname="com.testng.CreateLeadTest" name="test" time="8.567"/>
  <testcase classname="com.testng.CreateLeadTest" name="test" time="5.794"/>
  <testcase classname="com.testng.CreateLeadTest" name="test" time="5.283"/>
  <testcase classname="com.testng.CreateLeadTest" name="test" time="4.788"/>
  <testcase classname="com.testng.CreateLeadTest" name="test" time="5.087"/>
  <testcase classname="com.testng.CreateLeadTest" name="test" time="5.342"/>
</testsuite> <!-- TestNG learning -->
