<html>
<head>
<title>TestNG:  TestNG learning</title>
<link href="../testng.css" rel="stylesheet" type="text/css" />
<link href="../my-testng.css" rel="stylesheet" type="text/css" />

<style type="text/css">
.log { display: none;} 
.stack-trace { display: none;} 
</style>
<script type="text/javascript">
<!--
function flip(e) {
  current = e.style.display;
  if (current == 'block') {
    e.style.display = 'none';
    return 0;
  }
  else {
    e.style.display = 'block';
    return 1;
  }
}

function toggleBox(szDivId, elem, msg1, msg2)
{
  var res = -1;  if (document.getElementById) {
    res = flip(document.getElementById(szDivId));
  }
  else if (document.all) {
    // this is the way old msie versions work
    res = flip(document.all[szDivId]);
  }
  if(elem) {
    if(res == 0) elem.innerHTML = msg1; else elem.innerHTML = msg2;
  }

}

function toggleAllBoxes() {
  if (document.getElementsByTagName) {
    d = document.getElementsByTagName('div');
    for (i = 0; i < d.length; i++) {
      if (d[i].className == 'log') {
        flip(d[i]);
      }
    }
  }
}

// -->
</script>

</head>
<body>
<h2 align='center'>TestNG learning</h2><table border='1' align="center">
<tr>
<td>Tests passed/Failed/Skipped:</td><td>13/1/1</td>
</tr><tr>
<td>Started on:</td><td>Tue Sep 28 22:43:01 PDT 2021</td>
</tr>
<tr><td>Total time:</td><td>71 seconds (71081 ms)</td>
</tr><tr>
<td>Included groups:</td><td></td>
</tr><tr>
<td>Excluded groups:</td><td></td>
</tr>
</table><p/>
<small><i>(Hover the method name to see the test class name)</i></small><p/>
<table width='100%' border='1' class='invocation-failed'>
<tr><td colspan='4' align='center'><b>FAILED TESTS</b></td></tr>
<tr><td><b>Test method</b></td>
<td width="30%"><b>Exception</b></td>
<td width="10%"><b>Time (seconds)</b></td>
<td><b>Instance</b></td>
</tr>
<tr>
<td title='com.testng.GoogleTest.googleTitle()'><b>googleTitle</b><br>Test class: com.testng.GoogleTest</td>
<td><div><pre>java.lang.AssertionError: expected [Google1] but found [Google]
	at com.testng.GoogleTest.googleTitle(GoogleTest.java:35)
	at java.base/java.util.ArrayList.forEach(ArrayList.java:1541)
... Removed 33 stack frames</pre></div><a href='#' onClick='toggleBox("stack-trace1149508419", this, "Click to show all stack frames", "Click to hide stack frames")'>Click to show all stack frames</a>
<div class='stack-trace' id='stack-trace1149508419'><pre>java.lang.AssertionError: expected [Google1] but found [Google]
	at org.testng.Assert.fail(Assert.java:99)
	at org.testng.Assert.failNotEquals(Assert.java:1037)
	at org.testng.Assert.assertEqualsImpl(Assert.java:140)
	at org.testng.Assert.assertEquals(Assert.java:122)
	at org.testng.Assert.assertEquals(Assert.java:629)
	at org.testng.Assert.assertEquals(Assert.java:639)
	at com.testng.GoogleTest.googleTitle(GoogleTest.java:35)
	at java.base/jdk.internal.reflect.NativeMethodAccessorImpl.invoke0(Native Method)
	at java.base/jdk.internal.reflect.NativeMethodAccessorImpl.invoke(NativeMethodAccessorImpl.java:62)
	at java.base/jdk.internal.reflect.DelegatingMethodAccessorImpl.invoke(DelegatingMethodAccessorImpl.java:43)
	at java.base/java.lang.reflect.Method.invoke(Method.java:566)
	at org.testng.internal.MethodInvocationHelper.invokeMethod(MethodInvocationHelper.java:133)
	at org.testng.internal.TestInvoker.invokeMethod(TestInvoker.java:598)
	at org.testng.internal.TestInvoker.invokeTestMethod(TestInvoker.java:173)
	at org.testng.internal.MethodRunner.runInSequence(MethodRunner.java:46)
	at org.testng.internal.TestInvoker$MethodInvocationAgent.invoke(TestInvoker.java:824)
	at org.testng.internal.TestInvoker.invokeTestMethods(TestInvoker.java:146)
	at org.testng.internal.TestMethodWorker.invokeTestMethods(TestMethodWorker.java:146)
	at org.testng.internal.TestMethodWorker.run(TestMethodWorker.java:128)
	at java.base/java.util.ArrayList.forEach(ArrayList.java:1541)
	at org.testng.TestRunner.privateRun(TestRunner.java:794)
	at org.testng.TestRunner.run(TestRunner.java:596)
	at org.testng.SuiteRunner.runTest(SuiteRunner.java:377)
	at org.testng.SuiteRunner.runSequentially(SuiteRunner.java:371)
	at org.testng.SuiteRunner.privateRun(SuiteRunner.java:332)
	at org.testng.SuiteRunner.run(SuiteRunner.java:276)
	at org.testng.SuiteRunnerWorker.runSuite(SuiteRunnerWorker.java:53)
	at org.testng.SuiteRunnerWorker.run(SuiteRunnerWorker.java:96)
	at org.testng.TestNG.runSuitesSequentially(TestNG.java:1212)
	at org.testng.TestNG.runSuitesLocally(TestNG.java:1134)
	at org.testng.TestNG.runSuites(TestNG.java:1063)
	at org.testng.TestNG.run(TestNG.java:1031)
	at org.testng.remote.AbstractRemoteTestNG.run(AbstractRemoteTestNG.java:115)
	at org.testng.remote.RemoteTestNG.initAndRun(RemoteTestNG.java:251)
	at org.testng.remote.RemoteTestNG.main(RemoteTestNG.java:77)
</pre></div></td>
<td>0</td>
<td>com.testng.GoogleTest@7c24b813</td></tr>
</table><p>
<table width='100%' border='1' class='invocation-passed'>
<tr><td colspan='4' align='center'><b>PASSED TESTS</b></td></tr>
<tr><td><b>Test method</b></td>
<td width="30%"><b>Exception</b></td>
<td width="10%"><b>Time (seconds)</b></td>
<td><b>Instance</b></td>
</tr>
<tr>
<td title='com.testng.CreateLeadTest.test()'><b>test</b><br>Test class: com.testng.CreateLeadTest<br>Parameters: cname1, Fname1, Lname1, add1, city1, 11111, Alabama</td>
<td></td>
<td>8</td>
<td>com.testng.CreateLeadTest@5ba3f27a</td></tr>
<tr>
<td title='com.testng.CreateLeadTest.test()'><b>test</b><br>Test class: com.testng.CreateLeadTest<br>Parameters: cname6, Fname6, Lname6, add6, city6, 11116, Alabama</td>
<td></td>
<td>5</td>
<td>com.testng.CreateLeadTest@5ba3f27a</td></tr>
<tr>
<td title='com.testng.yahooLoginTest.launchUrlAndLogin()'><b>launchUrlAndLogin</b><br>Test class: com.testng.yahooLoginTest<br>Parameters: https://login.yahoo.com, test@yahoo.com</td>
<td></td>
<td>4</td>
<td>com.testng.yahooLoginTest@2c35e847</td></tr>
<tr>
<td title='com.testng.GoogleTest.googleLabel()'><b>googleLabel</b><br>Test class: com.testng.GoogleTest</td>
<td></td>
<td>0</td>
<td>com.testng.GoogleTest@7c24b813</td></tr>
<tr>
<td title='com.testng.CreateLeadTest.test()'><b>test</b><br>Test class: com.testng.CreateLeadTest<br>Parameters: cname3, Fname3, Lname3, add3, city3, 11113, Alabama</td>
<td></td>
<td>5</td>
<td>com.testng.CreateLeadTest@5ba3f27a</td></tr>
<tr>
<td title='com.testng.annotationsTest.testTwoMthd()'><b>testTwoMthd</b><br>Test class: com.testng.annotationsTest</td>
<td></td>
<td>0</td>
<td>com.testng.annotationsTest@1e04fa0a</td></tr>
<tr>
<td title='com.testng.GoogleTest.googleLabel()'><b>googleLabel</b><br>Test class: com.testng.GoogleTest</td>
<td></td>
<td>0</td>
<td>com.testng.GoogleTest@7c24b813</td></tr>
<tr>
<td title='com.testng.annotationsTest.testOneMthd()'><b>testOneMthd</b><br>Test class: com.testng.annotationsTest</td>
<td></td>
<td>0</td>
<td>com.testng.annotationsTest@1e04fa0a</td></tr>
<tr>
<td title='com.testng.GoogleTest.googleLabel()'><b>googleLabel</b><br>Test class: com.testng.GoogleTest</td>
<td></td>
<td>0</td>
<td>com.testng.GoogleTest@7c24b813</td></tr>
<tr>
<td title='com.testng.annotationsTest.testThreeMthd()'><b>testThreeMthd</b><br>Test class: com.testng.annotationsTest</td>
<td></td>
<td>0</td>
<td>com.testng.annotationsTest@1e04fa0a</td></tr>
<tr>
<td title='com.testng.CreateLeadTest.test()'><b>test</b><br>Test class: com.testng.CreateLeadTest<br>Parameters: cname2, Fname2, Lname2, add2, city2, 11112, Alabama</td>
<td></td>
<td>5</td>
<td>com.testng.CreateLeadTest@5ba3f27a</td></tr>
<tr>
<td title='com.testng.CreateLeadTest.test()'><b>test</b><br>Test class: com.testng.CreateLeadTest<br>Parameters: cname5, Fname5, Lname5, add5, city5, 11115, Alabama</td>
<td></td>
<td>5</td>
<td>com.testng.CreateLeadTest@5ba3f27a</td></tr>
<tr>
<td title='com.testng.CreateLeadTest.test()'><b>test</b><br>Test class: com.testng.CreateLeadTest<br>Parameters: cname4, Fname4, Lname4, add4, city4, 11114, Alabama</td>
<td></td>
<td>4</td>
<td>com.testng.CreateLeadTest@5ba3f27a</td></tr>
</table><p>
<table width='100%' border='1' class='invocation-skipped'>
<tr><td colspan='4' align='center'><b>SKIPPED TESTS</b></td></tr>
<tr><td><b>Test method</b></td>
<td width="30%"><b>Exception</b></td>
<td width="10%"><b>Time (seconds)</b></td>
<td><b>Instance</b></td>
</tr>
<tr>
<td title='com.testng.GoogleTest.googleSearch()'><b>googleSearch</b><br>Test class: com.testng.GoogleTest</td>
<td><div><pre>java.lang.Throwable: Method GoogleTest.googleSearch()[pri:3, instance:com.testng.GoogleTest@7c24b813] depends on not successfully finished methods
	at java.base/java.util.ArrayList.forEach(ArrayList.java:1541)
... Removed 18 stack frames</pre></div><a href='#' onClick='toggleBox("stack-trace169049466", this, "Click to show all stack frames", "Click to hide stack frames")'>Click to show all stack frames</a>
<div class='stack-trace' id='stack-trace169049466'><pre>java.lang.Throwable: Method GoogleTest.googleSearch()[pri:3, instance:com.testng.GoogleTest@7c24b813] depends on not successfully finished methods
	at org.testng.internal.TestInvoker.invokeTestMethods(TestInvoker.java:102)
	at org.testng.internal.TestMethodWorker.invokeTestMethods(TestMethodWorker.java:146)
	at org.testng.internal.TestMethodWorker.run(TestMethodWorker.java:128)
	at java.base/java.util.ArrayList.forEach(ArrayList.java:1541)
	at org.testng.TestRunner.privateRun(TestRunner.java:794)
	at org.testng.TestRunner.run(TestRunner.java:596)
	at org.testng.SuiteRunner.runTest(SuiteRunner.java:377)
	at org.testng.SuiteRunner.runSequentially(SuiteRunner.java:371)
	at org.testng.SuiteRunner.privateRun(SuiteRunner.java:332)
	at org.testng.SuiteRunner.run(SuiteRunner.java:276)
	at org.testng.SuiteRunnerWorker.runSuite(SuiteRunnerWorker.java:53)
	at org.testng.SuiteRunnerWorker.run(SuiteRunnerWorker.java:96)
	at org.testng.TestNG.runSuitesSequentially(TestNG.java:1212)
	at org.testng.TestNG.runSuitesLocally(TestNG.java:1134)
	at org.testng.TestNG.runSuites(TestNG.java:1063)
	at org.testng.TestNG.run(TestNG.java:1031)
	at org.testng.remote.AbstractRemoteTestNG.run(AbstractRemoteTestNG.java:115)
	at org.testng.remote.RemoteTestNG.initAndRun(RemoteTestNG.java:251)
	at org.testng.remote.RemoteTestNG.main(RemoteTestNG.java:77)
</pre></div></td>
<td>0</td>
<td>com.testng.GoogleTest@7c24b813</td></tr>
</table><p>
</body>
</html>